\BOOKMARK [0][-]{chapter.1}{Introduction}{}% 1
\BOOKMARK [1][-]{section.1.1}{Contributions}{chapter.1}% 2
\BOOKMARK [1][-]{section.1.2}{Research Questions}{chapter.1}% 3
\BOOKMARK [1][-]{section.1.3}{Outline}{chapter.1}% 4
\BOOKMARK [0][-]{chapter.2}{Related Work}{}% 5
\BOOKMARK [1][-]{section.2.1}{Vision-based Localization Methods}{chapter.2}% 6
\BOOKMARK [2][-]{subsection.2.1.1}{Fiducial Markers}{section.2.1}% 7
\BOOKMARK [2][-]{subsection.2.1.2}{Homography Determination \046 Keypoint Matching}{section.2.1}% 8
\BOOKMARK [2][-]{subsection.2.1.3}{Convolutional Neural Networks}{section.2.1}% 9
\BOOKMARK [2][-]{subsection.2.1.4}{Optical Flow}{section.2.1}% 10
\BOOKMARK [1][-]{section.2.2}{Texton-based Machine Learning Methods}{chapter.2}% 11
\BOOKMARK [0][-]{chapter.3}{Methods}{}% 12
\BOOKMARK [1][-]{section.3.1}{Hardware and Software of the Platform}{chapter.3}% 13
\BOOKMARK [1][-]{section.3.2}{Pillar I: Training Set Generation}{chapter.3}% 14
\BOOKMARK [1][-]{section.3.3}{Pillar II: Texton-based Approach}{chapter.3}% 15
\BOOKMARK [2][-]{subsection.3.3.1}{Texton Dictionary Generation}{section.3.3}% 16
\BOOKMARK [2][-]{subsection.3.3.2}{k-Nearest Neighbors \(kNN\) algorithm}{section.3.3}% 17
\BOOKMARK [1][-]{section.3.4}{Filtering}{chapter.3}% 18
\BOOKMARK [1][-]{section.3.5}{Pillar III: Map evaluation}{chapter.3}% 19
\BOOKMARK [2][-]{subsection.3.5.1}{Synthetic Data Generation}{section.3.5}% 20
\BOOKMARK [2][-]{subsection.3.5.2}{Evaluation Scheme}{section.3.5}% 21
\BOOKMARK [0][-]{chapter.4}{Analysis}{}% 22
\BOOKMARK [1][-]{section.4.1}{Analysis \205 Determining the Number of Textons}{chapter.4}% 23
\BOOKMARK [1][-]{section.4.2}{Analysis \205 Setting the Baseline for kNN and determining k}{chapter.4}% 24
\BOOKMARK [1][-]{section.4.3}{Experiment \205 Motion tracking system for Stabilization, Texton-based Approach for estimation}{chapter.4}% 25
\BOOKMARK [2][-]{subsection.4.3.1}{Training Set based on Motion Tracking System}{section.4.3}% 26
\BOOKMARK [2][-]{subsection.4.3.2}{Training Set based on Homography-finding Method}{section.4.3}% 27
\BOOKMARK [1][-]{section.4.4}{Experiment \205 Triggered Landing}{chapter.4}% 28
\BOOKMARK [1][-]{section.4.5}{Experiment \205 Determining the Frequency}{chapter.4}% 29
\BOOKMARK [1][-]{section.4.6}{Experiment \205 Comparing different possible maps}{chapter.4}% 30
\BOOKMARK [0][-]{chapter.5}{Results}{}% 31
\BOOKMARK [1][-]{section.5.1}{Experiment \205 Determining the Number of Textons}{chapter.5}% 32
\BOOKMARK [1][-]{section.5.2}{Experiment \205 Real-Time Position Estimation}{chapter.5}% 33
\BOOKMARK [1][-]{section.5.3}{Experiment \205 Triggered Landing}{chapter.5}% 34
\BOOKMARK [1][-]{section.5.4}{Experiment \205 Comparing different possible maps}{chapter.5}% 35
\BOOKMARK [2][-]{subsection.5.4.1}{Time requirements}{section.5.4}% 36
\BOOKMARK [0][-]{chapter.6}{Discussion}{}% 37
\BOOKMARK [1][-]{section.6.1}{General Discussion}{chapter.6}% 38
\BOOKMARK [0][-]{chapter.7}{Conclusion}{}% 39
